<?xml version="1.0" encoding="UTF-8"?>
<testng-results ignored="0" total="1" passed="1" failed="0" skipped="0">
  <reporter-output>
  </reporter-output>
  <suite started-at="2023-04-26T14:20:00 IST" name="Default suite" finished-at="2023-04-26T14:20:10 IST" duration-ms="10624">
    <groups>
    </groups>
    <test started-at="2023-04-26T14:20:00 IST" name="Default test" finished-at="2023-04-26T14:20:10 IST" duration-ms="10624">
      <class name="SelPackage.loginTest">
        <test-method is-config="true" signature="setup()[pri:0, instance:SelPackage.loginTest@359f7cdf]" started-at="2023-04-26T14:20:00 IST" name="setup" finished-at="2023-04-26T14:20:02 IST" duration-ms="1959" status="PASS">
          <reporter-output>
          </reporter-output>
        </test-method> <!-- setup -->
        <test-method signature="login()[pri:0, instance:SelPackage.loginTest@359f7cdf]" started-at="2023-04-26T14:20:02 IST" name="login" finished-at="2023-04-26T14:20:10 IST" duration-ms="8398" status="PASS">
          <reporter-output>
          </reporter-output>
        </test-method> <!-- login -->
        <test-method is-config="true" signature="teardown()[pri:0, instance:SelPackage.loginTest@359f7cdf]" started-at="2023-04-26T14:20:10 IST" name="teardown" finished-at="2023-04-26T14:20:10 IST" duration-ms="246" status="PASS">
          <reporter-output>
          </reporter-output>
        </test-method> <!-- teardown -->
      </class> <!-- SelPackage.loginTest -->
    </test> <!-- Default test -->
  </suite> <!-- Default suite -->
</testng-results>
