<?xml version="1.0" encoding="UTF-8"?>
<testng-results ignored="0" total="1" passed="1" failed="0" skipped="0">
  <reporter-output>
  </reporter-output>
  <suite started-at="2023-04-26T22:37:48 IST" name="Default suite" finished-at="2023-04-26T22:38:07 IST" duration-ms="19107">
    <groups>
    </groups>
    <test started-at="2023-04-26T22:37:48 IST" name="Default test" finished-at="2023-04-26T22:38:07 IST" duration-ms="19107">
      <class name="SE_Package.loginTest">
        <test-method is-config="true" signature="setup()[pri:0, instance:SE_Package.loginTest@4f6ee6e4]" started-at="2023-04-26T22:37:48 IST" name="setup" finished-at="2023-04-26T22:37:57 IST" duration-ms="9066" status="PASS">
          <reporter-output>
          </reporter-output>
        </test-method> <!-- setup -->
        <test-method signature="login()[pri:0, instance:SE_Package.loginTest@4f6ee6e4]" started-at="2023-04-26T22:37:57 IST" name="login" finished-at="2023-04-26T22:38:07 IST" duration-ms="9618" status="PASS">
          <reporter-output>
          </reporter-output>
        </test-method> <!-- login -->
        <test-method is-config="true" signature="teardown()[pri:0, instance:SE_Package.loginTest@4f6ee6e4]" started-at="2023-04-26T22:38:07 IST" name="teardown" finished-at="2023-04-26T22:38:07 IST" duration-ms="378" status="PASS">
          <reporter-output>
          </reporter-output>
        </test-method> <!-- teardown -->
      </class> <!-- SE_Package.loginTest -->
    </test> <!-- Default test -->
  </suite> <!-- Default suite -->
</testng-results>
